0 info it worked if it ends with ok
1 verbose cli [ 'C:\\Program Files\\nodejs\\node.exe',
1 verbose cli   'C:\\Users\\Khattab\\AppData\\Roaming\\npm\\node_modules\\npm\\bin\\npm-cli.js',
1 verbose cli   'run',
1 verbose cli   'tsc:w' ]
2 info using npm@3.10.6
3 info using node@v4.2.4
4 verbose run-script [ 'pretsc:w', 'tsc:w', 'posttsc:w' ]
5 info lifecycle pos-sample@1.0.0~pretsc:w: pos-sample@1.0.0
6 silly lifecycle pos-sample@1.0.0~pretsc:w: no script for pretsc:w, continuing
7 info lifecycle pos-sample@1.0.0~tsc:w: pos-sample@1.0.0
8 verbose lifecycle pos-sample@1.0.0~tsc:w: unsafe-perm in lifecycle true
9 verbose lifecycle pos-sample@1.0.0~tsc:w: PATH: C:\Users\Khattab\AppData\Roaming\npm\node_modules\npm\bin\node-gyp-bin;F:\Khattab\Marshal Project\Projects\POS\POS\POS.Web.UI\node_modules\.bin;C:\Users\Khattab\AppData\Roaming\npm\node_modules\npm\bin\node-gyp-bin;F:\Khattab\Marshal Project\Projects\POS\POS\POS.Web.UI\node_modules\.bin;C:\ProgramData\Oracle\Java\javapath;C:\Program Files\PHP\v5.3;C:\WINDOWS\system32;C:\WINDOWS;C:\WINDOWS\System32\Wbem;C:\WINDOWS\System32\WindowsPowerShell\v1.0\;C:\Program Files\Microsoft SQL Server\110\DTS\Binn\;C:\Program Files (x86)\Microsoft SQL Server\110\Tools\Binn\;C:\Program Files\Microsoft SQL Server\110\Tools\Binn\;C:\Program Files (x86)\Microsoft SQL Server\110\Tools\Binn\ManagementStudio\;C:\Program Files (x86)\Microsoft Visual Studio 10.0\Common7\IDE\PrivateAssemblies\;C:\Program Files (x86)\Microsoft SQL Server\110\DTS\Binn\;C:\Program Files (x86)\Microsoft ASP.NET\ASP.NET Web Pages\v1.0\;C:\Program Files\Microsoft SQL Server\120\Tools\Binn\;C:\Program Files (x86)\Windows Kits\8.1\Windows Performance Toolkit\;C:\Program Files (x86)\GtkSharp\2.12\bin;C:\Program Files\Microsoft\Web Platform Installer\;C:\Users\Khattab\AppData\Local\Code\bin;C:\Users\Khattab\AppData\Roaming\npm;c:\php;C:\Program Files (x86)\MySQL\MySQL Fabric 1.5 & MySQL Utilities 1.5\;C:\Program Files (x86)\MySQL\MySQL Fabric 1.5 & MySQL Utilities 1.5\Doctrine extensions for PHP\;C:\Program Files\nodejs;C:\WINDOWS\system32;C:\WINDOWS;C:\Program Files\Java\jdk1.8.0_73\bin;C:\Program Files\Redis\;C:\Program Files\nodejs\node_modules\npm\bin;C:\Program Files\Microsoft DNX\Dnvm\;C:\Program Files\Microsoft SQL Server\130\Tools\Binn\;C:\Program Files (x86)\Skype\Phone\;C:\Program Files\dotnet\;C:\Program Files\Git\cmd;C:\Program Files (x86)\Microsoft SDKs\TypeScript\1.0\;C:\Users\Khattab\.dnx\runtimes\dnx-clr-win-x86.1.0.0-rc1-update2\bin;C:\Users\Khattab\.dnx\bin;C:\Users\Khattab\AppData\Roaming\npm;C:\Users\Khattab\AppData\Local\Android\android-sdk\platform-tools;C:\Program Files\MongoDB\Server\3.2\bin;C:\Program Files (x86)\Microsoft VS Code\bin
10 verbose lifecycle pos-sample@1.0.0~tsc:w: CWD: F:\Khattab\Marshal Project\Projects\POS\POS\POS.Web.UI
11 silly lifecycle pos-sample@1.0.0~tsc:w: Args: [ '/d /s /c', 'tsc -w' ]
12 silly lifecycle pos-sample@1.0.0~tsc:w: Returned: code: 3221225786  signal: null
13 info lifecycle pos-sample@1.0.0~tsc:w: Failed to exec tsc:w script
14 verbose stack Error: pos-sample@1.0.0 tsc:w: `tsc -w`
14 verbose stack Exit status 3221225786
14 verbose stack     at EventEmitter.<anonymous> (C:\Users\Khattab\AppData\Roaming\npm\node_modules\npm\lib\utils\lifecycle.js:255:16)
14 verbose stack     at emitTwo (events.js:87:13)
14 verbose stack     at EventEmitter.emit (events.js:172:7)
14 verbose stack     at ChildProcess.<anonymous> (C:\Users\Khattab\AppData\Roaming\npm\node_modules\npm\lib\utils\spawn.js:40:14)
14 verbose stack     at emitTwo (events.js:87:13)
14 verbose stack     at ChildProcess.emit (events.js:172:7)
14 verbose stack     at maybeClose (internal/child_process.js:818:16)
14 verbose stack     at Process.ChildProcess._handle.onexit (internal/child_process.js:211:5)
15 verbose pkgid pos-sample@1.0.0
16 verbose cwd F:\Khattab\Marshal Project\Projects\POS\POS\POS.Web.UI
17 error Windows_NT 6.3.9600
18 error argv "C:\\Program Files\\nodejs\\node.exe" "C:\\Users\\Khattab\\AppData\\Roaming\\npm\\node_modules\\npm\\bin\\npm-cli.js" "run" "tsc:w"
19 error node v4.2.4
20 error npm  v3.10.6
21 error code ELIFECYCLE
22 error pos-sample@1.0.0 tsc:w: `tsc -w`
22 error Exit status 3221225786
23 error Failed at the pos-sample@1.0.0 tsc:w script 'tsc -w'.
23 error Make sure you have the latest version of node.js and npm installed.
23 error If you do, this is most likely a problem with the pos-sample package,
23 error not with npm itself.
23 error Tell the author that this fails on your system:
23 error     tsc -w
23 error You can get information on how to open an issue for this project with:
23 error     npm bugs pos-sample
23 error Or if that isn't available, you can get their info via:
23 error     npm owner ls pos-sample
23 error There is likely additional logging output above.
24 verbose exit [ 1, true ]
